<?xml version="1.0" encoding="UTF-8"?>
<!-- Generated by org.testng.reporters.JUnitXMLReporter -->
<testsuite hostname="WIN-K9E6EBR4CNI" name="Default test" tests="100" failures="0" timestamp="12 Mar 2012 19:48:27 GMT" time="1.747" errors="0">
  <testcase name="invokeInject" time="0.936" classname="br.uniriotec.propid.rpc.client.ClientProp"/>
  <testcase name="invokeInject" time="0.936" classname="br.uniriotec.propid.rpc.client.ClientProp"/>
  <testcase name="invokeInject" time="0.936" classname="br.uniriotec.propid.rpc.client.ClientProp"/>
  <testcase name="invokeInject" time="0.936" classname="br.uniriotec.propid.rpc.client.ClientProp"/>
  <testcase name="invokeInject" time="0.936" classname="br.uniriotec.propid.rpc.client.ClientProp"/>
  <testcase name="invokeInject" time="0.032" classname="br.uniriotec.propid.rpc.client.ClientProp"/>
  <testcase name="invokeInject" time="0.016" classname="br.uniriotec.propid.rpc.client.ClientProp"/>
  <testcase name="invokeInject" time="0.032" classname="br.uniriotec.propid.rpc.client.ClientProp"/>
  <testcase name="invokeInject" time="0.015" classname="br.uniriotec.propid.rpc.client.ClientProp"/>
  <testcase name="invokeInject" time="0.015" classname="br.uniriotec.propid.rpc.client.ClientProp"/>
  <testcase name="invokeInject" time="0.015" classname="br.uniriotec.propid.rpc.client.ClientProp"/>
  <testcase name="invokeInject" time="0.031" classname="br.uniriotec.propid.rpc.client.ClientProp"/>
  <testcase name="invokeInject" time="0.016" classname="br.uniriotec.propid.rpc.client.ClientProp"/>
  <testcase name="invokeInject" time="0.031" classname="br.uniriotec.propid.rpc.client.ClientProp"/>
  <testcase name="invokeInject" time="0.031" classname="br.uniriotec.propid.rpc.client.ClientProp"/>
  <testcase name="invokeInject" time="0.031" classname="br.uniriotec.propid.rpc.client.ClientProp"/>
  <testcase name="invokeInject" time="0.016" classname="br.uniriotec.propid.rpc.client.ClientProp"/>
  <testcase name="invokeInject" time="0.094" classname="br.uniriotec.propid.rpc.client.ClientProp"/>
  <testcase name="invokeInject" time="0.032" classname="br.uniriotec.propid.rpc.client.ClientProp"/>
  <testcase name="invokeInject" time="0.016" classname="br.uniriotec.propid.rpc.client.ClientProp"/>
  <testcase name="invokeInject" time="0.015" classname="br.uniriotec.propid.rpc.client.ClientProp"/>
  <testcase name="invokeInject" time="0.078" classname="br.uniriotec.propid.rpc.client.ClientProp"/>
  <testcase name="invokeInject" time="0.016" classname="br.uniriotec.propid.rpc.client.ClientProp"/>
  <testcase name="invokeInject" time="0.016" classname="br.uniriotec.propid.rpc.client.ClientProp"/>
  <testcase name="invokeInject" time="0.062" classname="br.uniriotec.propid.rpc.client.ClientProp"/>
  <testcase name="invokeInject" time="0.062" classname="br.uniriotec.propid.rpc.client.ClientProp"/>
  <testcase name="invokeInject" time="0.031" classname="br.uniriotec.propid.rpc.client.ClientProp"/>
  <testcase name="invokeInject" time="0.0" classname="br.uniriotec.propid.rpc.client.ClientProp"/>
  <testcase name="invokeInject" time="0.078" classname="br.uniriotec.propid.rpc.client.ClientProp"/>
  <testcase name="invokeInject" time="0.031" classname="br.uniriotec.propid.rpc.client.ClientProp"/>
  <testcase name="invokeInject" time="0.078" classname="br.uniriotec.propid.rpc.client.ClientProp"/>
  <testcase name="invokeInject" time="0.047" classname="br.uniriotec.propid.rpc.client.ClientProp"/>
  <testcase name="invokeInject" time="0.063" classname="br.uniriotec.propid.rpc.client.ClientProp"/>
  <testcase name="invokeInject" time="0.016" classname="br.uniriotec.propid.rpc.client.ClientProp"/>
  <testcase name="invokeInject" time="0.015" classname="br.uniriotec.propid.rpc.client.ClientProp"/>
  <testcase name="invokeInject" time="0.015" classname="br.uniriotec.propid.rpc.client.ClientProp"/>
  <testcase name="invokeInject" time="0.062" classname="br.uniriotec.propid.rpc.client.ClientProp"/>
  <testcase name="invokeInject" time="0.016" classname="br.uniriotec.propid.rpc.client.ClientProp"/>
  <testcase name="invokeInject" time="0.031" classname="br.uniriotec.propid.rpc.client.ClientProp"/>
  <testcase name="invokeInject" time="0.0" classname="br.uniriotec.propid.rpc.client.ClientProp"/>
  <testcase name="invokeInject" time="0.032" classname="br.uniriotec.propid.rpc.client.ClientProp"/>
  <testcase name="invokeInject" time="0.016" classname="br.uniriotec.propid.rpc.client.ClientProp"/>
  <testcase name="invokeInject" time="0.016" classname="br.uniriotec.propid.rpc.client.ClientProp"/>
  <testcase name="invokeInject" time="0.015" classname="br.uniriotec.propid.rpc.client.ClientProp"/>
  <testcase name="invokeInject" time="0.031" classname="br.uniriotec.propid.rpc.client.ClientProp"/>
  <testcase name="invokeInject" time="0.031" classname="br.uniriotec.propid.rpc.client.ClientProp"/>
  <testcase name="invokeInject" time="0.031" classname="br.uniriotec.propid.rpc.client.ClientProp"/>
  <testcase name="invokeInject" time="0.046" classname="br.uniriotec.propid.rpc.client.ClientProp"/>
  <testcase name="invokeInject" time="0.031" classname="br.uniriotec.propid.rpc.client.ClientProp"/>
  <testcase name="invokeInject" time="0.047" classname="br.uniriotec.propid.rpc.client.ClientProp"/>
  <testcase name="invokeInject" time="0.032" classname="br.uniriotec.propid.rpc.client.ClientProp"/>
  <testcase name="invokeInject" time="0.125" classname="br.uniriotec.propid.rpc.client.ClientProp"/>
  <testcase name="invokeInject" time="0.032" classname="br.uniriotec.propid.rpc.client.ClientProp"/>
  <testcase name="invokeInject" time="0.015" classname="br.uniriotec.propid.rpc.client.ClientProp"/>
  <testcase name="invokeInject" time="0.015" classname="br.uniriotec.propid.rpc.client.ClientProp"/>
  <testcase name="invokeInject" time="0.0" classname="br.uniriotec.propid.rpc.client.ClientProp"/>
  <testcase name="invokeInject" time="0.031" classname="br.uniriotec.propid.rpc.client.ClientProp"/>
  <testcase name="invokeInject" time="0.031" classname="br.uniriotec.propid.rpc.client.ClientProp"/>
  <testcase name="invokeInject" time="0.031" classname="br.uniriotec.propid.rpc.client.ClientProp"/>
  <testcase name="invokeInject" time="0.062" classname="br.uniriotec.propid.rpc.client.ClientProp"/>
  <testcase name="invokeInject" time="0.016" classname="br.uniriotec.propid.rpc.client.ClientProp"/>
  <testcase name="invokeInject" time="0.0" classname="br.uniriotec.propid.rpc.client.ClientProp"/>
  <testcase name="invokeInject" time="0.016" classname="br.uniriotec.propid.rpc.client.ClientProp"/>
  <testcase name="invokeInject" time="0.094" classname="br.uniriotec.propid.rpc.client.ClientProp"/>
  <testcase name="invokeInject" time="0.0" classname="br.uniriotec.propid.rpc.client.ClientProp"/>
  <testcase name="invokeInject" time="0.032" classname="br.uniriotec.propid.rpc.client.ClientProp"/>
  <testcase name="invokeInject" time="0.015" classname="br.uniriotec.propid.rpc.client.ClientProp"/>
  <testcase name="invokeInject" time="0.015" classname="br.uniriotec.propid.rpc.client.ClientProp"/>
  <testcase name="invokeInject" time="0.016" classname="br.uniriotec.propid.rpc.client.ClientProp"/>
  <testcase name="invokeInject" time="0.047" classname="br.uniriotec.propid.rpc.client.ClientProp"/>
  <testcase name="invokeInject" time="0.016" classname="br.uniriotec.propid.rpc.client.ClientProp"/>
  <testcase name="invokeInject" time="0.015" classname="br.uniriotec.propid.rpc.client.ClientProp"/>
  <testcase name="invokeInject" time="0.046" classname="br.uniriotec.propid.rpc.client.ClientProp"/>
  <testcase name="invokeInject" time="0.015" classname="br.uniriotec.propid.rpc.client.ClientProp"/>
  <testcase name="invokeInject" time="0.062" classname="br.uniriotec.propid.rpc.client.ClientProp"/>
  <testcase name="invokeInject" time="0.031" classname="br.uniriotec.propid.rpc.client.ClientProp"/>
  <testcase name="invokeInject" time="0.016" classname="br.uniriotec.propid.rpc.client.ClientProp"/>
  <testcase name="invokeInject" time="0.0" classname="br.uniriotec.propid.rpc.client.ClientProp"/>
  <testcase name="invokeInject" time="0.016" classname="br.uniriotec.propid.rpc.client.ClientProp"/>
  <testcase name="invokeInject" time="0.016" classname="br.uniriotec.propid.rpc.client.ClientProp"/>
  <testcase name="invokeInject" time="0.016" classname="br.uniriotec.propid.rpc.client.ClientProp"/>
  <testcase name="invokeInject" time="0.015" classname="br.uniriotec.propid.rpc.client.ClientProp"/>
  <testcase name="invokeInject" time="0.047" classname="br.uniriotec.propid.rpc.client.ClientProp"/>
  <testcase name="invokeInject" time="0.016" classname="br.uniriotec.propid.rpc.client.ClientProp"/>
  <testcase name="invokeInject" time="0.015" classname="br.uniriotec.propid.rpc.client.ClientProp"/>
  <testcase name="invokeInject" time="0.046" classname="br.uniriotec.propid.rpc.client.ClientProp"/>
  <testcase name="invokeInject" time="0.094" classname="br.uniriotec.propid.rpc.client.ClientProp"/>
  <testcase name="invokeInject" time="0.078" classname="br.uniriotec.propid.rpc.client.ClientProp"/>
  <testcase name="invokeInject" time="0.032" classname="br.uniriotec.propid.rpc.client.ClientProp"/>
  <testcase name="invokeInject" time="0.032" classname="br.uniriotec.propid.rpc.client.ClientProp"/>
  <testcase name="invokeInject" time="0.063" classname="br.uniriotec.propid.rpc.client.ClientProp"/>
  <testcase name="invokeInject" time="0.031" classname="br.uniriotec.propid.rpc.client.ClientProp"/>
  <testcase name="invokeInject" time="0.015" classname="br.uniriotec.propid.rpc.client.ClientProp"/>
  <testcase name="invokeInject" time="0.031" classname="br.uniriotec.propid.rpc.client.ClientProp"/>
  <testcase name="invokeInject" time="0.016" classname="br.uniriotec.propid.rpc.client.ClientProp"/>
  <testcase name="invokeInject" time="0.031" classname="br.uniriotec.propid.rpc.client.ClientProp"/>
  <testcase name="invokeInject" time="0.046" classname="br.uniriotec.propid.rpc.client.ClientProp"/>
  <testcase name="invokeInject" time="0.015" classname="br.uniriotec.propid.rpc.client.ClientProp"/>
  <testcase name="invokeInject" time="0.015" classname="br.uniriotec.propid.rpc.client.ClientProp"/>
  <testcase name="invokeInject" time="0.031" classname="br.uniriotec.propid.rpc.client.ClientProp"/>
</testsuite>
