<?xml version="1.0" encoding="UTF-8"?>
<testng-results skipped="0" failed="0" total="100" passed="100">
  <reporter-output>
  </reporter-output>
  <suite name="Default suite" duration-ms="1747" started-at="2012-03-12T16:48:25Z" finished-at="2012-03-12T16:48:27Z">
    <groups>
    </groups>
    <test name="Default test" duration-ms="1747" started-at="2012-03-12T16:48:25Z" finished-at="2012-03-12T16:48:27Z">
      <class name="br.uniriotec.propid.rpc.client.ClientProp">
        <test-method status="PASS" signature="beforeTest()[pri:0, instance:br.uniriotec.propid.rpc.client.ClientProp@5ca0f2]" name="beforeTest" is-config="true" duration-ms="110" started-at="2012-03-12T16:48:25Z" finished-at="2012-03-12T16:48:25Z">
        </test-method>
        <test-method status="PASS" signature="beforeClass()[pri:0, instance:br.uniriotec.propid.rpc.client.ClientProp@5ca0f2]" name="beforeClass" is-config="true" duration-ms="0" started-at="2012-03-12T16:48:25Z" finished-at="2012-03-12T16:48:25Z">
        </test-method>
        <test-method status="PASS" signature="invokeInject()[pri:0, instance:br.uniriotec.propid.rpc.client.ClientProp@5ca0f2]" name="invokeInject" duration-ms="936" started-at="2012-03-12T16:48:25Z" finished-at="2012-03-12T16:48:26Z">
        </test-method>
        <test-method status="PASS" signature="invokeInject()[pri:0, instance:br.uniriotec.propid.rpc.client.ClientProp@5ca0f2]" name="invokeInject" duration-ms="936" started-at="2012-03-12T16:48:25Z" finished-at="2012-03-12T16:48:26Z">
        </test-method>
        <test-method status="PASS" signature="invokeInject()[pri:0, instance:br.uniriotec.propid.rpc.client.ClientProp@5ca0f2]" name="invokeInject" duration-ms="936" started-at="2012-03-12T16:48:25Z" finished-at="2012-03-12T16:48:26Z">
        </test-method>
        <test-method status="PASS" signature="invokeInject()[pri:0, instance:br.uniriotec.propid.rpc.client.ClientProp@5ca0f2]" name="invokeInject" duration-ms="936" started-at="2012-03-12T16:48:25Z" finished-at="2012-03-12T16:48:26Z">
        </test-method>
        <test-method status="PASS" signature="invokeInject()[pri:0, instance:br.uniriotec.propid.rpc.client.ClientProp@5ca0f2]" name="invokeInject" duration-ms="936" started-at="2012-03-12T16:48:25Z" finished-at="2012-03-12T16:48:26Z">
        </test-method>
        <test-method status="PASS" signature="invokeInject()[pri:0, instance:br.uniriotec.propid.rpc.client.ClientProp@5ca0f2]" name="invokeInject" duration-ms="32" started-at="2012-03-12T16:48:26Z" finished-at="2012-03-12T16:48:26Z">
        </test-method>
        <test-method status="PASS" signature="invokeInject()[pri:0, instance:br.uniriotec.propid.rpc.client.ClientProp@5ca0f2]" name="invokeInject" duration-ms="32" started-at="2012-03-12T16:48:26Z" finished-at="2012-03-12T16:48:26Z">
        </test-method>
        <test-method status="PASS" signature="invokeInject()[pri:0, instance:br.uniriotec.propid.rpc.client.ClientProp@5ca0f2]" name="invokeInject" duration-ms="94" started-at="2012-03-12T16:48:26Z" finished-at="2012-03-12T16:48:26Z">
        </test-method>
        <test-method status="PASS" signature="invokeInject()[pri:0, instance:br.uniriotec.propid.rpc.client.ClientProp@5ca0f2]" name="invokeInject" duration-ms="31" started-at="2012-03-12T16:48:26Z" finished-at="2012-03-12T16:48:26Z">
        </test-method>
        <test-method status="PASS" signature="invokeInject()[pri:0, instance:br.uniriotec.propid.rpc.client.ClientProp@5ca0f2]" name="invokeInject" duration-ms="16" started-at="2012-03-12T16:48:26Z" finished-at="2012-03-12T16:48:26Z">
        </test-method>
        <test-method status="PASS" signature="invokeInject()[pri:0, instance:br.uniriotec.propid.rpc.client.ClientProp@5ca0f2]" name="invokeInject" duration-ms="15" started-at="2012-03-12T16:48:26Z" finished-at="2012-03-12T16:48:26Z">
        </test-method>
        <test-method status="PASS" signature="invokeInject()[pri:0, instance:br.uniriotec.propid.rpc.client.ClientProp@5ca0f2]" name="invokeInject" duration-ms="15" started-at="2012-03-12T16:48:26Z" finished-at="2012-03-12T16:48:26Z">
        </test-method>
        <test-method status="PASS" signature="invokeInject()[pri:0, instance:br.uniriotec.propid.rpc.client.ClientProp@5ca0f2]" name="invokeInject" duration-ms="15" started-at="2012-03-12T16:48:26Z" finished-at="2012-03-12T16:48:26Z">
        </test-method>
        <test-method status="PASS" signature="invokeInject()[pri:0, instance:br.uniriotec.propid.rpc.client.ClientProp@5ca0f2]" name="invokeInject" duration-ms="78" started-at="2012-03-12T16:48:26Z" finished-at="2012-03-12T16:48:26Z">
        </test-method>
        <test-method status="PASS" signature="invokeInject()[pri:0, instance:br.uniriotec.propid.rpc.client.ClientProp@5ca0f2]" name="invokeInject" duration-ms="31" started-at="2012-03-12T16:48:26Z" finished-at="2012-03-12T16:48:26Z">
        </test-method>
        <test-method status="PASS" signature="invokeInject()[pri:0, instance:br.uniriotec.propid.rpc.client.ClientProp@5ca0f2]" name="invokeInject" duration-ms="16" started-at="2012-03-12T16:48:26Z" finished-at="2012-03-12T16:48:26Z">
        </test-method>
        <test-method status="PASS" signature="invokeInject()[pri:0, instance:br.uniriotec.propid.rpc.client.ClientProp@5ca0f2]" name="invokeInject" duration-ms="31" started-at="2012-03-12T16:48:26Z" finished-at="2012-03-12T16:48:26Z">
        </test-method>
        <test-method status="PASS" signature="invokeInject()[pri:0, instance:br.uniriotec.propid.rpc.client.ClientProp@5ca0f2]" name="invokeInject" duration-ms="31" started-at="2012-03-12T16:48:26Z" finished-at="2012-03-12T16:48:26Z">
        </test-method>
        <test-method status="PASS" signature="invokeInject()[pri:0, instance:br.uniriotec.propid.rpc.client.ClientProp@5ca0f2]" name="invokeInject" duration-ms="16" started-at="2012-03-12T16:48:26Z" finished-at="2012-03-12T16:48:26Z">
        </test-method>
        <test-method status="PASS" signature="invokeInject()[pri:0, instance:br.uniriotec.propid.rpc.client.ClientProp@5ca0f2]" name="invokeInject" duration-ms="32" started-at="2012-03-12T16:48:26Z" finished-at="2012-03-12T16:48:26Z">
        </test-method>
        <test-method status="PASS" signature="invokeInject()[pri:0, instance:br.uniriotec.propid.rpc.client.ClientProp@5ca0f2]" name="invokeInject" duration-ms="62" started-at="2012-03-12T16:48:26Z" finished-at="2012-03-12T16:48:26Z">
        </test-method>
        <test-method status="PASS" signature="invokeInject()[pri:0, instance:br.uniriotec.propid.rpc.client.ClientProp@5ca0f2]" name="invokeInject" duration-ms="16" started-at="2012-03-12T16:48:26Z" finished-at="2012-03-12T16:48:26Z">
        </test-method>
        <test-method status="PASS" signature="invokeInject()[pri:0, instance:br.uniriotec.propid.rpc.client.ClientProp@5ca0f2]" name="invokeInject" duration-ms="78" started-at="2012-03-12T16:48:26Z" finished-at="2012-03-12T16:48:26Z">
        </test-method>
        <test-method status="PASS" signature="invokeInject()[pri:0, instance:br.uniriotec.propid.rpc.client.ClientProp@5ca0f2]" name="invokeInject" duration-ms="62" started-at="2012-03-12T16:48:26Z" finished-at="2012-03-12T16:48:26Z">
        </test-method>
        <test-method status="PASS" signature="invokeInject()[pri:0, instance:br.uniriotec.propid.rpc.client.ClientProp@5ca0f2]" name="invokeInject" duration-ms="15" started-at="2012-03-12T16:48:26Z" finished-at="2012-03-12T16:48:26Z">
        </test-method>
        <test-method status="PASS" signature="invokeInject()[pri:0, instance:br.uniriotec.propid.rpc.client.ClientProp@5ca0f2]" name="invokeInject" duration-ms="16" started-at="2012-03-12T16:48:26Z" finished-at="2012-03-12T16:48:26Z">
        </test-method>
        <test-method status="PASS" signature="invokeInject()[pri:0, instance:br.uniriotec.propid.rpc.client.ClientProp@5ca0f2]" name="invokeInject" duration-ms="16" started-at="2012-03-12T16:48:26Z" finished-at="2012-03-12T16:48:26Z">
        </test-method>
        <test-method status="PASS" signature="invokeInject()[pri:0, instance:br.uniriotec.propid.rpc.client.ClientProp@5ca0f2]" name="invokeInject" duration-ms="31" started-at="2012-03-12T16:48:26Z" finished-at="2012-03-12T16:48:26Z">
        </test-method>
        <test-method status="PASS" signature="invokeInject()[pri:0, instance:br.uniriotec.propid.rpc.client.ClientProp@5ca0f2]" name="invokeInject" duration-ms="78" started-at="2012-03-12T16:48:26Z" finished-at="2012-03-12T16:48:27Z">
        </test-method>
        <test-method status="PASS" signature="invokeInject()[pri:0, instance:br.uniriotec.propid.rpc.client.ClientProp@5ca0f2]" name="invokeInject" duration-ms="63" started-at="2012-03-12T16:48:26Z" finished-at="2012-03-12T16:48:27Z">
        </test-method>
        <test-method status="PASS" signature="invokeInject()[pri:0, instance:br.uniriotec.propid.rpc.client.ClientProp@5ca0f2]" name="invokeInject" duration-ms="31" started-at="2012-03-12T16:48:26Z" finished-at="2012-03-12T16:48:26Z">
        </test-method>
        <test-method status="PASS" signature="invokeInject()[pri:0, instance:br.uniriotec.propid.rpc.client.ClientProp@5ca0f2]" name="invokeInject" duration-ms="47" started-at="2012-03-12T16:48:26Z" finished-at="2012-03-12T16:48:27Z">
        </test-method>
        <test-method status="PASS" signature="invokeInject()[pri:0, instance:br.uniriotec.propid.rpc.client.ClientProp@5ca0f2]" name="invokeInject" duration-ms="0" started-at="2012-03-12T16:48:26Z" finished-at="2012-03-12T16:48:26Z">
        </test-method>
        <test-method status="PASS" signature="invokeInject()[pri:0, instance:br.uniriotec.propid.rpc.client.ClientProp@5ca0f2]" name="invokeInject" duration-ms="62" started-at="2012-03-12T16:48:26Z" finished-at="2012-03-12T16:48:27Z">
        </test-method>
        <test-method status="PASS" signature="invokeInject()[pri:0, instance:br.uniriotec.propid.rpc.client.ClientProp@5ca0f2]" name="invokeInject" duration-ms="16" started-at="2012-03-12T16:48:26Z" finished-at="2012-03-12T16:48:27Z">
        </test-method>
        <test-method status="PASS" signature="invokeInject()[pri:0, instance:br.uniriotec.propid.rpc.client.ClientProp@5ca0f2]" name="invokeInject" duration-ms="15" started-at="2012-03-12T16:48:27Z" finished-at="2012-03-12T16:48:27Z">
        </test-method>
        <test-method status="PASS" signature="invokeInject()[pri:0, instance:br.uniriotec.propid.rpc.client.ClientProp@5ca0f2]" name="invokeInject" duration-ms="31" started-at="2012-03-12T16:48:27Z" finished-at="2012-03-12T16:48:27Z">
        </test-method>
        <test-method status="PASS" signature="invokeInject()[pri:0, instance:br.uniriotec.propid.rpc.client.ClientProp@5ca0f2]" name="invokeInject" duration-ms="125" started-at="2012-03-12T16:48:27Z" finished-at="2012-03-12T16:48:27Z">
        </test-method>
        <test-method status="PASS" signature="invokeInject()[pri:0, instance:br.uniriotec.propid.rpc.client.ClientProp@5ca0f2]" name="invokeInject" duration-ms="15" started-at="2012-03-12T16:48:27Z" finished-at="2012-03-12T16:48:27Z">
        </test-method>
        <test-method status="PASS" signature="invokeInject()[pri:0, instance:br.uniriotec.propid.rpc.client.ClientProp@5ca0f2]" name="invokeInject" duration-ms="32" started-at="2012-03-12T16:48:27Z" finished-at="2012-03-12T16:48:27Z">
        </test-method>
        <test-method status="PASS" signature="invokeInject()[pri:0, instance:br.uniriotec.propid.rpc.client.ClientProp@5ca0f2]" name="invokeInject" duration-ms="16" started-at="2012-03-12T16:48:27Z" finished-at="2012-03-12T16:48:27Z">
        </test-method>
        <test-method status="PASS" signature="invokeInject()[pri:0, instance:br.uniriotec.propid.rpc.client.ClientProp@5ca0f2]" name="invokeInject" duration-ms="16" started-at="2012-03-12T16:48:27Z" finished-at="2012-03-12T16:48:27Z">
        </test-method>
        <test-method status="PASS" signature="invokeInject()[pri:0, instance:br.uniriotec.propid.rpc.client.ClientProp@5ca0f2]" name="invokeInject" duration-ms="16" started-at="2012-03-12T16:48:27Z" finished-at="2012-03-12T16:48:27Z">
        </test-method>
        <test-method status="PASS" signature="invokeInject()[pri:0, instance:br.uniriotec.propid.rpc.client.ClientProp@5ca0f2]" name="invokeInject" duration-ms="0" started-at="2012-03-12T16:48:27Z" finished-at="2012-03-12T16:48:27Z">
        </test-method>
        <test-method status="PASS" signature="invokeInject()[pri:0, instance:br.uniriotec.propid.rpc.client.ClientProp@5ca0f2]" name="invokeInject" duration-ms="31" started-at="2012-03-12T16:48:27Z" finished-at="2012-03-12T16:48:27Z">
        </test-method>
        <test-method status="PASS" signature="invokeInject()[pri:0, instance:br.uniriotec.propid.rpc.client.ClientProp@5ca0f2]" name="invokeInject" duration-ms="31" started-at="2012-03-12T16:48:27Z" finished-at="2012-03-12T16:48:27Z">
        </test-method>
        <test-method status="PASS" signature="invokeInject()[pri:0, instance:br.uniriotec.propid.rpc.client.ClientProp@5ca0f2]" name="invokeInject" duration-ms="15" started-at="2012-03-12T16:48:27Z" finished-at="2012-03-12T16:48:27Z">
        </test-method>
        <test-method status="PASS" signature="invokeInject()[pri:0, instance:br.uniriotec.propid.rpc.client.ClientProp@5ca0f2]" name="invokeInject" duration-ms="46" started-at="2012-03-12T16:48:27Z" finished-at="2012-03-12T16:48:27Z">
        </test-method>
        <test-method status="PASS" signature="invokeInject()[pri:0, instance:br.uniriotec.propid.rpc.client.ClientProp@5ca0f2]" name="invokeInject" duration-ms="31" started-at="2012-03-12T16:48:27Z" finished-at="2012-03-12T16:48:27Z">
        </test-method>
        <test-method status="PASS" signature="invokeInject()[pri:0, instance:br.uniriotec.propid.rpc.client.ClientProp@5ca0f2]" name="invokeInject" duration-ms="31" started-at="2012-03-12T16:48:27Z" finished-at="2012-03-12T16:48:27Z">
        </test-method>
        <test-method status="PASS" signature="invokeInject()[pri:0, instance:br.uniriotec.propid.rpc.client.ClientProp@5ca0f2]" name="invokeInject" duration-ms="47" started-at="2012-03-12T16:48:27Z" finished-at="2012-03-12T16:48:27Z">
        </test-method>
        <test-method status="PASS" signature="invokeInject()[pri:0, instance:br.uniriotec.propid.rpc.client.ClientProp@5ca0f2]" name="invokeInject" duration-ms="32" started-at="2012-03-12T16:48:27Z" finished-at="2012-03-12T16:48:27Z">
        </test-method>
        <test-method status="PASS" signature="invokeInject()[pri:0, instance:br.uniriotec.propid.rpc.client.ClientProp@5ca0f2]" name="invokeInject" duration-ms="32" started-at="2012-03-12T16:48:27Z" finished-at="2012-03-12T16:48:27Z">
        </test-method>
        <test-method status="PASS" signature="invokeInject()[pri:0, instance:br.uniriotec.propid.rpc.client.ClientProp@5ca0f2]" name="invokeInject" duration-ms="94" started-at="2012-03-12T16:48:27Z" finished-at="2012-03-12T16:48:27Z">
        </test-method>
        <test-method status="PASS" signature="invokeInject()[pri:0, instance:br.uniriotec.propid.rpc.client.ClientProp@5ca0f2]" name="invokeInject" duration-ms="62" started-at="2012-03-12T16:48:27Z" finished-at="2012-03-12T16:48:27Z">
        </test-method>
        <test-method status="PASS" signature="invokeInject()[pri:0, instance:br.uniriotec.propid.rpc.client.ClientProp@5ca0f2]" name="invokeInject" duration-ms="15" started-at="2012-03-12T16:48:27Z" finished-at="2012-03-12T16:48:27Z">
        </test-method>
        <test-method status="PASS" signature="invokeInject()[pri:0, instance:br.uniriotec.propid.rpc.client.ClientProp@5ca0f2]" name="invokeInject" duration-ms="15" started-at="2012-03-12T16:48:27Z" finished-at="2012-03-12T16:48:27Z">
        </test-method>
        <test-method status="PASS" signature="invokeInject()[pri:0, instance:br.uniriotec.propid.rpc.client.ClientProp@5ca0f2]" name="invokeInject" duration-ms="31" started-at="2012-03-12T16:48:27Z" finished-at="2012-03-12T16:48:27Z">
        </test-method>
        <test-method status="PASS" signature="invokeInject()[pri:0, instance:br.uniriotec.propid.rpc.client.ClientProp@5ca0f2]" name="invokeInject" duration-ms="31" started-at="2012-03-12T16:48:27Z" finished-at="2012-03-12T16:48:27Z">
        </test-method>
        <test-method status="PASS" signature="invokeInject()[pri:0, instance:br.uniriotec.propid.rpc.client.ClientProp@5ca0f2]" name="invokeInject" duration-ms="0" started-at="2012-03-12T16:48:27Z" finished-at="2012-03-12T16:48:27Z">
        </test-method>
        <test-method status="PASS" signature="invokeInject()[pri:0, instance:br.uniriotec.propid.rpc.client.ClientProp@5ca0f2]" name="invokeInject" duration-ms="31" started-at="2012-03-12T16:48:27Z" finished-at="2012-03-12T16:48:27Z">
        </test-method>
        <test-method status="PASS" signature="invokeInject()[pri:0, instance:br.uniriotec.propid.rpc.client.ClientProp@5ca0f2]" name="invokeInject" duration-ms="16" started-at="2012-03-12T16:48:27Z" finished-at="2012-03-12T16:48:27Z">
        </test-method>
        <test-method status="PASS" signature="invokeInject()[pri:0, instance:br.uniriotec.propid.rpc.client.ClientProp@5ca0f2]" name="invokeInject" duration-ms="16" started-at="2012-03-12T16:48:27Z" finished-at="2012-03-12T16:48:27Z">
        </test-method>
        <test-method status="PASS" signature="invokeInject()[pri:0, instance:br.uniriotec.propid.rpc.client.ClientProp@5ca0f2]" name="invokeInject" duration-ms="32" started-at="2012-03-12T16:48:27Z" finished-at="2012-03-12T16:48:27Z">
        </test-method>
        <test-method status="PASS" signature="invokeInject()[pri:0, instance:br.uniriotec.propid.rpc.client.ClientProp@5ca0f2]" name="invokeInject" duration-ms="0" started-at="2012-03-12T16:48:27Z" finished-at="2012-03-12T16:48:27Z">
        </test-method>
        <test-method status="PASS" signature="invokeInject()[pri:0, instance:br.uniriotec.propid.rpc.client.ClientProp@5ca0f2]" name="invokeInject" duration-ms="47" started-at="2012-03-12T16:48:27Z" finished-at="2012-03-12T16:48:27Z">
        </test-method>
        <test-method status="PASS" signature="invokeInject()[pri:0, instance:br.uniriotec.propid.rpc.client.ClientProp@5ca0f2]" name="invokeInject" duration-ms="15" started-at="2012-03-12T16:48:27Z" finished-at="2012-03-12T16:48:27Z">
        </test-method>
        <test-method status="PASS" signature="invokeInject()[pri:0, instance:br.uniriotec.propid.rpc.client.ClientProp@5ca0f2]" name="invokeInject" duration-ms="15" started-at="2012-03-12T16:48:27Z" finished-at="2012-03-12T16:48:27Z">
        </test-method>
        <test-method status="PASS" signature="invokeInject()[pri:0, instance:br.uniriotec.propid.rpc.client.ClientProp@5ca0f2]" name="invokeInject" duration-ms="0" started-at="2012-03-12T16:48:27Z" finished-at="2012-03-12T16:48:27Z">
        </test-method>
        <test-method status="PASS" signature="invokeInject()[pri:0, instance:br.uniriotec.propid.rpc.client.ClientProp@5ca0f2]" name="invokeInject" duration-ms="46" started-at="2012-03-12T16:48:27Z" finished-at="2012-03-12T16:48:27Z">
        </test-method>
        <test-method status="PASS" signature="invokeInject()[pri:0, instance:br.uniriotec.propid.rpc.client.ClientProp@5ca0f2]" name="invokeInject" duration-ms="62" started-at="2012-03-12T16:48:27Z" finished-at="2012-03-12T16:48:27Z">
        </test-method>
        <test-method status="PASS" signature="invokeInject()[pri:0, instance:br.uniriotec.propid.rpc.client.ClientProp@5ca0f2]" name="invokeInject" duration-ms="16" started-at="2012-03-12T16:48:27Z" finished-at="2012-03-12T16:48:27Z">
        </test-method>
        <test-method status="PASS" signature="invokeInject()[pri:0, instance:br.uniriotec.propid.rpc.client.ClientProp@5ca0f2]" name="invokeInject" duration-ms="16" started-at="2012-03-12T16:48:27Z" finished-at="2012-03-12T16:48:27Z">
        </test-method>
        <test-method status="PASS" signature="invokeInject()[pri:0, instance:br.uniriotec.propid.rpc.client.ClientProp@5ca0f2]" name="invokeInject" duration-ms="31" started-at="2012-03-12T16:48:27Z" finished-at="2012-03-12T16:48:27Z">
        </test-method>
        <test-method status="PASS" signature="invokeInject()[pri:0, instance:br.uniriotec.propid.rpc.client.ClientProp@5ca0f2]" name="invokeInject" duration-ms="15" started-at="2012-03-12T16:48:27Z" finished-at="2012-03-12T16:48:27Z">
        </test-method>
        <test-method status="PASS" signature="invokeInject()[pri:0, instance:br.uniriotec.propid.rpc.client.ClientProp@5ca0f2]" name="invokeInject" duration-ms="15" started-at="2012-03-12T16:48:27Z" finished-at="2012-03-12T16:48:27Z">
        </test-method>
        <test-method status="PASS" signature="invokeInject()[pri:0, instance:br.uniriotec.propid.rpc.client.ClientProp@5ca0f2]" name="invokeInject" duration-ms="94" started-at="2012-03-12T16:48:27Z" finished-at="2012-03-12T16:48:27Z">
        </test-method>
        <test-method status="PASS" signature="invokeInject()[pri:0, instance:br.uniriotec.propid.rpc.client.ClientProp@5ca0f2]" name="invokeInject" duration-ms="16" started-at="2012-03-12T16:48:27Z" finished-at="2012-03-12T16:48:27Z">
        </test-method>
        <test-method status="PASS" signature="invokeInject()[pri:0, instance:br.uniriotec.propid.rpc.client.ClientProp@5ca0f2]" name="invokeInject" duration-ms="47" started-at="2012-03-12T16:48:27Z" finished-at="2012-03-12T16:48:27Z">
        </test-method>
        <test-method status="PASS" signature="invokeInject()[pri:0, instance:br.uniriotec.propid.rpc.client.ClientProp@5ca0f2]" name="invokeInject" duration-ms="16" started-at="2012-03-12T16:48:27Z" finished-at="2012-03-12T16:48:27Z">
        </test-method>
        <test-method status="PASS" signature="invokeInject()[pri:0, instance:br.uniriotec.propid.rpc.client.ClientProp@5ca0f2]" name="invokeInject" duration-ms="16" started-at="2012-03-12T16:48:27Z" finished-at="2012-03-12T16:48:27Z">
        </test-method>
        <test-method status="PASS" signature="invokeInject()[pri:0, instance:br.uniriotec.propid.rpc.client.ClientProp@5ca0f2]" name="invokeInject" duration-ms="16" started-at="2012-03-12T16:48:27Z" finished-at="2012-03-12T16:48:27Z">
        </test-method>
        <test-method status="PASS" signature="invokeInject()[pri:0, instance:br.uniriotec.propid.rpc.client.ClientProp@5ca0f2]" name="invokeInject" duration-ms="0" started-at="2012-03-12T16:48:27Z" finished-at="2012-03-12T16:48:27Z">
        </test-method>
        <test-method status="PASS" signature="invokeInject()[pri:0, instance:br.uniriotec.propid.rpc.client.ClientProp@5ca0f2]" name="invokeInject" duration-ms="78" started-at="2012-03-12T16:48:27Z" finished-at="2012-03-12T16:48:27Z">
        </test-method>
        <test-method status="PASS" signature="invokeInject()[pri:0, instance:br.uniriotec.propid.rpc.client.ClientProp@5ca0f2]" name="invokeInject" duration-ms="15" started-at="2012-03-12T16:48:27Z" finished-at="2012-03-12T16:48:27Z">
        </test-method>
        <test-method status="PASS" signature="invokeInject()[pri:0, instance:br.uniriotec.propid.rpc.client.ClientProp@5ca0f2]" name="invokeInject" duration-ms="46" started-at="2012-03-12T16:48:27Z" finished-at="2012-03-12T16:48:27Z">
        </test-method>
        <test-method status="PASS" signature="invokeInject()[pri:0, instance:br.uniriotec.propid.rpc.client.ClientProp@5ca0f2]" name="invokeInject" duration-ms="63" started-at="2012-03-12T16:48:27Z" finished-at="2012-03-12T16:48:27Z">
        </test-method>
        <test-method status="PASS" signature="invokeInject()[pri:0, instance:br.uniriotec.propid.rpc.client.ClientProp@5ca0f2]" name="invokeInject" duration-ms="16" started-at="2012-03-12T16:48:27Z" finished-at="2012-03-12T16:48:27Z">
        </test-method>
        <test-method status="PASS" signature="invokeInject()[pri:0, instance:br.uniriotec.propid.rpc.client.ClientProp@5ca0f2]" name="invokeInject" duration-ms="15" started-at="2012-03-12T16:48:27Z" finished-at="2012-03-12T16:48:27Z">
        </test-method>
        <test-method status="PASS" signature="invokeInject()[pri:0, instance:br.uniriotec.propid.rpc.client.ClientProp@5ca0f2]" name="invokeInject" duration-ms="32" started-at="2012-03-12T16:48:27Z" finished-at="2012-03-12T16:48:27Z">
        </test-method>
        <test-method status="PASS" signature="invokeInject()[pri:0, instance:br.uniriotec.propid.rpc.client.ClientProp@5ca0f2]" name="invokeInject" duration-ms="32" started-at="2012-03-12T16:48:27Z" finished-at="2012-03-12T16:48:27Z">
        </test-method>
        <test-method status="PASS" signature="invokeInject()[pri:0, instance:br.uniriotec.propid.rpc.client.ClientProp@5ca0f2]" name="invokeInject" duration-ms="31" started-at="2012-03-12T16:48:27Z" finished-at="2012-03-12T16:48:27Z">
        </test-method>
        <test-method status="PASS" signature="invokeInject()[pri:0, instance:br.uniriotec.propid.rpc.client.ClientProp@5ca0f2]" name="invokeInject" duration-ms="31" started-at="2012-03-12T16:48:27Z" finished-at="2012-03-12T16:48:27Z">
        </test-method>
        <test-method status="PASS" signature="invokeInject()[pri:0, instance:br.uniriotec.propid.rpc.client.ClientProp@5ca0f2]" name="invokeInject" duration-ms="31" started-at="2012-03-12T16:48:27Z" finished-at="2012-03-12T16:48:27Z">
        </test-method>
        <test-method status="PASS" signature="invokeInject()[pri:0, instance:br.uniriotec.propid.rpc.client.ClientProp@5ca0f2]" name="invokeInject" duration-ms="15" started-at="2012-03-12T16:48:27Z" finished-at="2012-03-12T16:48:27Z">
        </test-method>
        <test-method status="PASS" signature="invokeInject()[pri:0, instance:br.uniriotec.propid.rpc.client.ClientProp@5ca0f2]" name="invokeInject" duration-ms="46" started-at="2012-03-12T16:48:27Z" finished-at="2012-03-12T16:48:27Z">
        </test-method>
        <test-method status="PASS" signature="invokeInject()[pri:0, instance:br.uniriotec.propid.rpc.client.ClientProp@5ca0f2]" name="invokeInject" duration-ms="31" started-at="2012-03-12T16:48:27Z" finished-at="2012-03-12T16:48:27Z">
        </test-method>
        <test-method status="PASS" signature="invokeInject()[pri:0, instance:br.uniriotec.propid.rpc.client.ClientProp@5ca0f2]" name="invokeInject" duration-ms="16" started-at="2012-03-12T16:48:27Z" finished-at="2012-03-12T16:48:27Z">
        </test-method>
        <test-method status="PASS" signature="invokeInject()[pri:0, instance:br.uniriotec.propid.rpc.client.ClientProp@5ca0f2]" name="invokeInject" duration-ms="15" started-at="2012-03-12T16:48:27Z" finished-at="2012-03-12T16:48:27Z">
        </test-method>
        <test-method status="PASS" signature="invokeInject()[pri:0, instance:br.uniriotec.propid.rpc.client.ClientProp@5ca0f2]" name="invokeInject" duration-ms="15" started-at="2012-03-12T16:48:27Z" finished-at="2012-03-12T16:48:27Z">
        </test-method>
        <test-method status="PASS" signature="afterTest()[pri:0, instance:br.uniriotec.propid.rpc.client.ClientProp@5ca0f2]" name="afterTest" is-config="true" duration-ms="0" started-at="2012-03-12T16:48:27Z" finished-at="2012-03-12T16:48:27Z">
        </test-method>
      </class>
    </test>
  </suite>
</testng-results>
